c:\users\gijsb\school\openframeworks\apps\bakkergijs_iad2\iad_les2\gui_bounce_nietparticle_\obj\debug\bounceobject.obj
c:\users\gijsb\school\openframeworks\apps\bakkergijs_iad2\iad_les2\gui_bounce_nietparticle_\obj\debug\main.obj
c:\users\gijsb\school\openframeworks\apps\bakkergijs_iad2\iad_les2\gui_bounce_nietparticle_\obj\debug\ofapp.obj
c:\users\gijsb\school\openframeworks\apps\bakkergijs_iad2\iad_les2\gui_bounce_nietparticle_\obj\debug\ofxbasegui.obj
c:\users\gijsb\school\openframeworks\apps\bakkergijs_iad2\iad_les2\gui_bounce_nietparticle_\obj\debug\ofxguigroup.obj
c:\users\gijsb\school\openframeworks\apps\bakkergijs_iad2\iad_les2\gui_bounce_nietparticle_\obj\debug\ofxslider.obj
c:\users\gijsb\school\openframeworks\apps\bakkergijs_iad2\iad_les2\gui_bounce_nietparticle_\obj\debug\ofxlabel.obj
c:\users\gijsb\school\openframeworks\apps\bakkergijs_iad2\iad_les2\gui_bounce_nietparticle_\obj\debug\ofxtoggle.obj
c:\users\gijsb\school\openframeworks\apps\bakkergijs_iad2\iad_les2\gui_bounce_nietparticle_\obj\debug\ofxbutton.obj
c:\users\gijsb\school\openframeworks\apps\bakkergijs_iad2\iad_les2\gui_bounce_nietparticle_\obj\debug\ofxpanel.obj
c:\users\gijsb\school\openframeworks\apps\bakkergijs_iad2\iad_les2\gui_bounce_nietparticle_\obj\debug\ofxslidergroup.obj
c:\users\gijsb\school\openframeworks\apps\bakkergijs_iad2\iad_les2\gui_bounce_nietparticle_\bin\gui_bounce_nietparticle__debug.lib
c:\users\gijsb\school\openframeworks\apps\bakkergijs_iad2\iad_les2\gui_bounce_nietparticle_\bin\gui_bounce_nietparticle__debug.exp
c:\users\gijsb\school\openframeworks\apps\bakkergijs_iad2\iad_les2\gui_bounce_nietparticle_\bin\gui_bounce_nietparticle__debug.ilk
c:\users\gijsb\school\openframeworks\apps\bakkergijs_iad2\iad_les2\gui_bounce_nietparticle_\bin\gui_bounce_nietparticle__debug.exe
c:\users\gijsb\school\openframeworks\apps\bakkergijs_iad2\iad_les2\gui_bounce_nietparticle_\bin\gui_bounce_nietparticle__debug.pdb
c:\users\gijsb\school\openframeworks\apps\bakkergijs_iad2\iad_les2\gui_bounce_nietparticle_\obj\debug\icon.res
c:\users\gijsb\school\openframeworks\apps\bakkergijs_iad2\iad_les2\gui_bounce_nietparticle_\obj\debug\vc140.pdb
c:\users\gijsb\school\openframeworks\apps\bakkergijs_iad2\iad_les2\gui_bounce_nietparticle_\obj\debug\gui_boun.7fd42df7.tlog\cl.command.1.tlog
c:\users\gijsb\school\openframeworks\apps\bakkergijs_iad2\iad_les2\gui_bounce_nietparticle_\obj\debug\gui_boun.7fd42df7.tlog\cl.read.1.tlog
c:\users\gijsb\school\openframeworks\apps\bakkergijs_iad2\iad_les2\gui_bounce_nietparticle_\obj\debug\gui_boun.7fd42df7.tlog\cl.write.1.tlog
c:\users\gijsb\school\openframeworks\apps\bakkergijs_iad2\iad_les2\gui_bounce_nietparticle_\obj\debug\gui_boun.7fd42df7.tlog\gui_bounce_nietparticle_.write.1u.tlog
c:\users\gijsb\school\openframeworks\apps\bakkergijs_iad2\iad_les2\gui_bounce_nietparticle_\obj\debug\gui_boun.7fd42df7.tlog\link.command.1.tlog
c:\users\gijsb\school\openframeworks\apps\bakkergijs_iad2\iad_les2\gui_bounce_nietparticle_\obj\debug\gui_boun.7fd42df7.tlog\link.read.1.tlog
c:\users\gijsb\school\openframeworks\apps\bakkergijs_iad2\iad_les2\gui_bounce_nietparticle_\obj\debug\gui_boun.7fd42df7.tlog\link.write.1.tlog
c:\users\gijsb\school\openframeworks\apps\bakkergijs_iad2\iad_les2\gui_bounce_nietparticle_\obj\debug\gui_boun.7fd42df7.tlog\rc.command.1.tlog
c:\users\gijsb\school\openframeworks\apps\bakkergijs_iad2\iad_les2\gui_bounce_nietparticle_\obj\debug\gui_boun.7fd42df7.tlog\rc.read.1.tlog
c:\users\gijsb\school\openframeworks\apps\bakkergijs_iad2\iad_les2\gui_bounce_nietparticle_\obj\debug\gui_boun.7fd42df7.tlog\rc.write.1.tlog
